<?xml version="1.0" encoding="UTF-8"?>
<!-- Generated by org.testng.reporters.JUnitXMLReporter -->
<testsuite hostname="LAPTOP-2C0613A2" ignored="0" name="Test3" tests="1" failures="1" timestamp="2022-01-10T12:39:05 IST" time="19.88" errors="0">
  <testcase name="ValidateNavigationBar" time="0.217" classname="EndtoEndFrameWork.validateNavigationBar">
    <failure type="java.lang.AssertionError" message="expected [false] but found [true]">
      <![CDATA[java.lang.AssertionError: expected [false] but found [true]
at EndtoEndFrameWork.validateNavigationBar.ValidateNavigationBar(validateNavigationBar.java:40)
at java.util.ArrayList.forEach(ArrayList.java:1259)
at java.util.concurrent.FutureTask.run(FutureTask.java:266)
at java.util.concurrent.ThreadPoolExecutor.runWorker(ThreadPoolExecutor.java:1149)
at java.util.concurrent.ThreadPoolExecutor$Worker.run(ThreadPoolExecutor.java:624)
at java.lang.Thread.run(Thread.java:748)
... Removed 22 stack frames]]>
    </failure>
  </testcase> <!-- ValidateNavigationBar -->
</testsuite> <!-- Test3 -->
